<?xml version="1.0" encoding="UTF-8"?>
<robot generator="Robot 7.2.2 (Python 3.13.2 on darwin)" generated="2025-03-24T06:20:09.510480" rpa="false" schemaversion="5">
<suite id="s1" name="Tests" source="/Users/elanuralp/PycharmProjects/RobotFramework/tests">
<suite id="s1-s1" name="testDemo2" source="/Users/elanuralp/PycharmProjects/RobotFramework/tests/testDemo2.robot">
<test id="s1-s1-t1" name="Validate UnSuccessful Login" line="14">
<kw name="open the browser with the Mortgage payment url" owner="Generic" type="SETUP">
<kw name="Open Browser" owner="SeleniumLibrary">
<msg time="2025-03-24T06:20:09.601827" level="INFO">Opening browser 'Chrome' to base url 'https://rahulshettyacademy.com/loginpagePractise/'.</msg>
<arg>${url}</arg>
<arg>Chrome</arg>
<arg>options= add_experimental_option("detach",True)</arg>
<doc>Opens a new browser instance to the optional ``url``.</doc>
<status status="PASS" start="2025-03-24T06:20:09.601723" elapsed="1.723290"/>
</kw>
<status status="PASS" start="2025-03-24T06:20:09.601431" elapsed="1.723951"/>
</kw>
<kw name="Fill the login Form">
<kw name="Sleep" owner="BuiltIn">
<msg time="2025-03-24T06:20:13.332032" level="INFO">Slept 2 seconds.</msg>
<arg>2</arg>
<doc>Pauses the test executed for the given time.</doc>
<status status="PASS" start="2025-03-24T06:20:11.326349" elapsed="2.006065"/>
</kw>
<kw name="Input Text" owner="SeleniumLibrary">
<msg time="2025-03-24T06:20:13.334177" level="INFO">Typing text 'rahulshettyacademy' into text field 'id:username'.</msg>
<arg>id:username</arg>
<arg>${username}</arg>
<doc>Types the given ``text`` into the text field identified by ``locator``.</doc>
<status status="PASS" start="2025-03-24T06:20:13.333167" elapsed="0.111881"/>
</kw>
<kw name="Input Password" owner="SeleniumLibrary">
<msg time="2025-03-24T06:20:13.445324" level="INFO">Typing password into text field 'id:password'.</msg>
<msg time="2025-03-24T06:20:13.457234" level="INFO">Temporally setting log level to: NONE</msg>
<arg>id:password</arg>
<arg>${password}</arg>
<doc>Types the given password into the text field identified by ``locator``.</doc>
<status status="PASS" start="2025-03-24T06:20:13.445182" elapsed="0.027141"/>
</kw>
<kw name="Click Button" owner="SeleniumLibrary">
<msg time="2025-03-24T06:20:13.472549" level="INFO">Clicking button 'signInBtn'.</msg>
<arg>signInBtn</arg>
<doc>Clicks the button identified by ``locator``.</doc>
<status status="PASS" start="2025-03-24T06:20:13.472446" elapsed="0.029246"/>
</kw>
<arg>${user_name}</arg>
<arg>${invalid_password}</arg>
<status status="PASS" start="2025-03-24T06:20:11.325943" elapsed="2.175829"/>
</kw>
<kw name="wait until Element is located in the page">
<kw name="Wait Until Element Is Visible" owner="SeleniumLibrary">
<arg>${element}</arg>
<doc>Waits until the element ``locator`` is visible.</doc>
<status status="PASS" start="2025-03-24T06:20:13.502030" elapsed="2.244075"/>
</kw>
<arg>${Error_Message_Login}</arg>
<status status="PASS" start="2025-03-24T06:20:13.501873" elapsed="2.244397"/>
</kw>
<kw name="Verify error message is correct">
<kw name="Element Text Should Be" owner="SeleniumLibrary">
<msg time="2025-03-24T06:20:15.747119" level="INFO">Verifying element 'css:.alert-danger' contains exact text 'Incorrect username/password.'.</msg>
<arg>${Error_Message_Login}</arg>
<arg>Incorrect username/password.</arg>
<doc>Verifies that element ``locator`` contains exact the text ``expected``.</doc>
<status status="PASS" start="2025-03-24T06:20:15.746864" elapsed="0.014284"/>
</kw>
<status status="PASS" start="2025-03-24T06:20:15.746499" elapsed="0.014724"/>
</kw>
<kw name="Close Browser" owner="SeleniumLibrary" type="TEARDOWN">
<doc>Closes the current browser.</doc>
<status status="PASS" start="2025-03-24T06:20:15.761393" elapsed="0.069852"/>
</kw>
<tag>SMOKE</tag>
<status status="PASS" start="2025-03-24T06:20:09.601062" elapsed="6.230256"/>
</test>
<doc>To validate the Login form</doc>
<status status="PASS" start="2025-03-24T06:20:09.524336" elapsed="6.307302"/>
</suite>
<suite id="s1-s2" name="testDemo6" source="/Users/elanuralp/PycharmProjects/RobotFramework/tests/testDemo6.robot">
<test id="s1-s2-t1" name="Validate UnSuccesful Login" line="23">
<kw name="open the browser with the url" owner="Generic" type="SETUP">
<kw name="Open Browser" owner="SeleniumLibrary">
<msg time="2025-03-24T06:20:15.838738" level="INFO">Opening browser 'Chrome' to base url 'https://rahulshettyacademy.com/loginpagePractise/'.</msg>
<arg>${url}</arg>
<arg>${browser_name}</arg>
<arg>options= add_experimental_option("detach",True)</arg>
<doc>Opens a new browser instance to the optional ``url``.</doc>
<status status="PASS" start="2025-03-24T06:20:15.838640" elapsed="1.332985"/>
</kw>
<status status="PASS" start="2025-03-24T06:20:15.838535" elapsed="1.333279"/>
</kw>
<kw name="Fill the login Form" owner="LandingPage">
<kw name="Sleep" owner="BuiltIn">
<msg time="2025-03-24T06:20:20.178658" level="INFO">Slept 3 seconds.</msg>
<arg>3</arg>
<doc>Pauses the test executed for the given time.</doc>
<status status="PASS" start="2025-03-24T06:20:17.172357" elapsed="3.006754"/>
</kw>
<kw name="Input Text" owner="SeleniumLibrary">
<msg time="2025-03-24T06:20:20.181091" level="INFO">Typing text 'rahulshettyacademy' into text field 'id:username'.</msg>
<arg>id:username</arg>
<arg>${username}</arg>
<doc>Types the given ``text`` into the text field identified by ``locator``.</doc>
<status status="PASS" start="2025-03-24T06:20:20.179752" elapsed="0.078383"/>
</kw>
<kw name="Input Password" owner="SeleniumLibrary">
<msg time="2025-03-24T06:20:20.258405" level="INFO">Typing password into text field 'id:password'.</msg>
<msg time="2025-03-24T06:20:20.269365" level="INFO">Temporally setting log level to: NONE</msg>
<arg>id:password</arg>
<arg>${password}</arg>
<doc>Types the given password into the text field identified by ``locator``.</doc>
<status status="PASS" start="2025-03-24T06:20:20.258265" elapsed="0.025603"/>
</kw>
<kw name="Click Button" owner="SeleniumLibrary">
<msg time="2025-03-24T06:20:20.284157" level="INFO">Clicking button 'signInBtn'.</msg>
<arg>signInBtn</arg>
<doc>Clicks the button identified by ``locator``.</doc>
<status status="PASS" start="2025-03-24T06:20:20.284049" elapsed="0.026241"/>
</kw>
<arg>${user_name}</arg>
<arg>${invalid_password}</arg>
<status status="PASS" start="2025-03-24T06:20:17.172077" elapsed="3.138274"/>
</kw>
<kw name="wait until Element is located in the page" owner="LandingPage">
<kw name="Wait Until element passed is located in the page" owner="Generic">
<kw name="Wait Until Element Is Visible" owner="SeleniumLibrary">
<arg>${page_locator}</arg>
<doc>Waits until the element ``locator`` is visible.</doc>
<status status="PASS" start="2025-03-24T06:20:20.310670" elapsed="2.235213"/>
</kw>
<arg>${Error_Message_Login}</arg>
<status status="PASS" start="2025-03-24T06:20:20.310566" elapsed="2.235469"/>
</kw>
<status status="PASS" start="2025-03-24T06:20:20.310450" elapsed="2.235646"/>
</kw>
<kw name="Verify error message is correct" owner="LandingPage">
<kw name="Element Text Should Be" owner="SeleniumLibrary">
<msg time="2025-03-24T06:20:22.546956" level="INFO">Verifying element 'css:.alert-danger' contains exact text 'Incorrect username/password.'.</msg>
<arg>${Error_Message_Login}</arg>
<arg>Incorrect username/password.</arg>
<doc>Verifies that element ``locator`` contains exact the text ``expected``.</doc>
<status status="PASS" start="2025-03-24T06:20:22.546696" elapsed="0.014965"/>
</kw>
<status status="PASS" start="2025-03-24T06:20:22.546340" elapsed="0.015416"/>
</kw>
<kw name="Close Browser Session" owner="Generic" type="TEARDOWN">
<kw name="Close Browser" owner="SeleniumLibrary">
<doc>Closes the current browser.</doc>
<status status="PASS" start="2025-03-24T06:20:22.562170" elapsed="0.117544"/>
</kw>
<status status="PASS" start="2025-03-24T06:20:22.561972" elapsed="0.117899"/>
</kw>
<tag>REGRESSION</tag>
<tag>SMOKE</tag>
<status status="PASS" start="2025-03-24T06:20:15.838375" elapsed="6.841548"/>
</test>
<doc>To validate the Login form</doc>
<status status="PASS" start="2025-03-24T06:20:15.831844" elapsed="6.848533"/>
</suite>
<status status="PASS" start="2025-03-24T06:20:09.511400" elapsed="13.169352"/>
</suite>
<statistics>
<total>
<stat pass="2" fail="0" skip="0">All Tests</stat>
</total>
<tag>
<stat pass="1" fail="0" skip="0">REGRESSION</stat>
<stat pass="2" fail="0" skip="0">SMOKE</stat>
</tag>
<suite>
<stat name="Tests" id="s1" pass="2" fail="0" skip="0">Tests</stat>
<stat name="testDemo2" id="s1-s1" pass="1" fail="0" skip="0">Tests.testDemo2</stat>
<stat name="testDemo6" id="s1-s2" pass="1" fail="0" skip="0">Tests.testDemo6</stat>
</suite>
</statistics>
<errors>
</errors>
</robot>
