<?xml version="1.0" encoding="UTF-8"?>
<robot generator="Robot 7.2.2 (Python 3.13.2 on darwin)" generated="2025-03-24T22:13:10.320612" rpa="false" schemaversion="5">
<suite id="s1" name="testDemo7" source="/Users/elanuralp/PycharmProjects/RobotFramework/tests/testDemo7.robot">
<test id="s1-t1" name="Play around with Dictionary" line="11">
<kw name="Create Dictionary" owner="BuiltIn">
<msg time="2025-03-24T22:13:10.382284" level="INFO">&amp;{data} = { name=rahulshetty | course=robot | website=rahulshettyacademy.com }</msg>
<var>&amp;{data}</var>
<arg>name=rahulshetty</arg>
<arg>course=robot</arg>
<arg>website=rahulshettyacademy.com</arg>
<doc>Creates and returns a dictionary based on the given ``items``.</doc>
<status status="PASS" start="2025-03-24T22:13:10.382139" elapsed="0.000163"/>
</kw>
<kw name="Log" owner="BuiltIn">
<msg time="2025-03-24T22:13:10.382449" level="INFO">{'name': 'rahulshetty', 'course': 'robot', 'website': 'rahulshettyacademy.com'}</msg>
<arg>${data}</arg>
<doc>Logs the given message with the given level.</doc>
<status status="PASS" start="2025-03-24T22:13:10.382384" elapsed="0.000085"/>
</kw>
<kw name="Dictionary Should Contain Key" owner="Collections">
<arg>${data}</arg>
<arg>name</arg>
<doc>Fails if ``key`` is not found from ``dictionary``.</doc>
<status status="PASS" start="2025-03-24T22:13:10.382516" elapsed="0.000057"/>
</kw>
<kw name="Log" owner="BuiltIn">
<msg time="2025-03-24T22:13:10.382655" level="INFO">rahulshetty</msg>
<arg>${data}[name]</arg>
<doc>Logs the given message with the given level.</doc>
<status status="PASS" start="2025-03-24T22:13:10.382615" elapsed="0.000054"/>
</kw>
<kw name="Get From Dictionary" owner="Collections">
<msg time="2025-03-24T22:13:10.382754" level="INFO">${url} = rahulshettyacademy.com</msg>
<var>${url}</var>
<arg>${data}</arg>
<arg>website</arg>
<doc>Returns a value from the given ``dictionary`` based on the given ``key``.</doc>
<status status="PASS" start="2025-03-24T22:13:10.382707" elapsed="0.000055"/>
</kw>
<kw name="Log" owner="BuiltIn">
<msg time="2025-03-24T22:13:10.382835" level="INFO">rahulshettyacademy.com</msg>
<arg>${url}</arg>
<doc>Logs the given message with the given level.</doc>
<status status="PASS" start="2025-03-24T22:13:10.382801" elapsed="0.000046"/>
</kw>
<status status="PASS" start="2025-03-24T22:13:10.381800" elapsed="0.001088"/>
</test>
<test id="s1-t2" name="Add Book into Library DataBase" line="20">
<kw name="Create Dictionary" owner="BuiltIn">
<msg time="2025-03-24T22:13:10.383147" level="INFO">&amp;{req_body} = { name=RobotFramework | isbn=rf129 | aisle=123432 | author=rahulshetty }</msg>
<var>&amp;{req_body}</var>
<arg>name=${book_name}</arg>
<arg>isbn=rf129</arg>
<arg>aisle=123432</arg>
<arg>author=rahulshetty</arg>
<doc>Creates and returns a dictionary based on the given ``items``.</doc>
<status status="PASS" start="2025-03-24T22:13:10.383053" elapsed="0.000103"/>
</kw>
<kw name="POST" owner="RequestsLibrary">
<msg time="2025-03-24T22:13:10.943323" level="INFO">POST Request : url=https://rahulshettyacademy.com/Library/Addbook.php 
 path_url=/Library/Addbook.php 
 headers={'User-Agent': 'python-requests/2.32.3', 'Accept-Encoding': 'gzip, deflate, br', 'Accept': '*/*', 'Connection': 'keep-alive', 'Content-Length': '87', 'Content-Type': 'application/json'} 
 body=b'{"name": "RobotFramework", "isbn": "rf129", "aisle": "123432", "author": "rahulshetty"}' 
 </msg>
<msg time="2025-03-24T22:13:10.943669" level="INFO">POST Response : url=https://rahulshettyacademy.com/Library/Addbook.php 
 status=200, reason=OK 
 headers={'Date': 'Mon, 24 Mar 2025 19:13:10 GMT', 'Server': 'Apache/2.4.52 (Ubuntu)', 'Access-Control-Allow-Origin': '*', 'Access-Control-Allow-Methods': 'POST', 'Access-Control-Max-Age': '3600', 'Access-Control-Allow-Headers': 'Content-Type, Access-Control-Allow-Headers, Authorization, X-Requested-With', 'Content-Length': '47', 'Keep-Alive': 'timeout=5, max=100', 'Connection': 'Keep-Alive', 'Content-Type': 'application/json;charset=UTF-8'} 
 body={"Msg":"successfully added","ID":"rf129123432"} 
 </msg>
<msg time="2025-03-24T22:13:10.943993" level="INFO">${response} = &lt;Response [200]&gt;</msg>
<var>${response}</var>
<arg>${base_url}/Library/Addbook.php</arg>
<arg>json=${req_body}</arg>
<arg>expected_status=200</arg>
<doc>Sends a POST request.</doc>
<status status="PASS" start="2025-03-24T22:13:10.383198" elapsed="0.560862"/>
</kw>
<kw name="Log" owner="BuiltIn">
<msg time="2025-03-24T22:13:10.945617" level="INFO">{'Msg': 'successfully added', 'ID': 'rf129123432'}</msg>
<arg>${response.json()}</arg>
<doc>Logs the given message with the given level.</doc>
<status status="PASS" start="2025-03-24T22:13:10.944552" elapsed="0.001136"/>
</kw>
<kw name="Dictionary Should Contain Key" owner="Collections">
<arg>${response.json()}</arg>
<arg>ID</arg>
<doc>Fails if ``key`` is not found from ``dictionary``.</doc>
<status status="PASS" start="2025-03-24T22:13:10.945927" elapsed="0.000728"/>
</kw>
<kw name="Get From Dictionary" owner="Collections">
<msg time="2025-03-24T22:13:10.947366" level="INFO">${book_id} = rf129123432</msg>
<var>${book_id}</var>
<arg>${response.json()}</arg>
<arg>ID</arg>
<doc>Returns a value from the given ``dictionary`` based on the given ``key``.</doc>
<status status="PASS" start="2025-03-24T22:13:10.946867" elapsed="0.000524"/>
</kw>
<kw name="Log" owner="BuiltIn">
<msg time="2025-03-24T22:13:10.947657" level="INFO">rf129123432</msg>
<arg>${book_id}</arg>
<doc>Logs the given message with the given level.</doc>
<status status="PASS" start="2025-03-24T22:13:10.947543" elapsed="0.000177"/>
</kw>
<kw name="Should Be Equal As Strings" owner="BuiltIn">
<arg>successfully added</arg>
<arg>${response.json()}[Msg]</arg>
<doc>Fails if objects are unequal after converting them to strings.</doc>
<status status="PASS" start="2025-03-24T22:13:10.947859" elapsed="0.001245"/>
</kw>
<kw name="Status Should Be" owner="RequestsLibrary">
<arg>200</arg>
<arg>${response}</arg>
<doc>Fails if response status code is different than the expected.</doc>
<status status="PASS" start="2025-03-24T22:13:10.949256" elapsed="0.000248"/>
</kw>
<kw name="Set Global Variable" owner="BuiltIn">
<msg time="2025-03-24T22:13:10.949869" level="INFO">${book_id} = rf129123432</msg>
<arg>${book_id}</arg>
<doc>Makes a variable available globally in all tests and suites.</doc>
<status status="PASS" start="2025-03-24T22:13:10.949667" elapsed="0.000238"/>
</kw>
<status status="PASS" start="2025-03-24T22:13:10.382955" elapsed="0.567173"/>
</test>
<test id="s1-t3" name="Get the Book Details which got added" line="31">
<kw name="GET" owner="RequestsLibrary">
<msg time="2025-03-24T22:13:11.514571" level="INFO">GET Request : url=https://rahulshettyacademy.com/Library/GetBook.php?ID=rf129123432 
 path_url=/Library/GetBook.php?ID=rf129123432 
 headers={'User-Agent': 'python-requests/2.32.3', 'Accept-Encoding': 'gzip, deflate, br', 'Accept': '*/*', 'Connection': 'keep-alive'} 
 body=None 
 </msg>
<msg time="2025-03-24T22:13:11.514767" level="INFO">GET Response : url=https://rahulshettyacademy.com/Library/GetBook.php?ID=rf129123432 
 status=200, reason=OK 
 headers={'Date': 'Mon, 24 Mar 2025 19:13:11 GMT', 'Server': 'Apache/2.4.52 (Ubuntu)', 'Access-Control-Allow-Origin': '*', 'Access-Control-Allow-Methods': 'POST', 'Access-Control-Max-Age': '3600', 'Access-Control-Allow-Headers': 'Content-Type, Access-Control-Allow-Headers, Authorization, X-Requested-With', 'Content-Length': '87', 'Keep-Alive': 'timeout=5, max=100', 'Connection': 'Keep-Alive', 'Content-Type': 'application/json;charset=UTF-8'} 
 body=[{"book_name":"RobotFramework","isbn":"rf129","aisle":"123432","author":"rahulshetty"}] 
 </msg>
<msg time="2025-03-24T22:13:11.515080" level="INFO">${get_response} = &lt;Response [200]&gt;</msg>
<var>${get_response}</var>
<arg>${base_url}/Library/GetBook.php</arg>
<arg>params=ID=${book_id}</arg>
<arg>expected_status=200</arg>
<doc>Sends a GET request.</doc>
<status status="PASS" start="2025-03-24T22:13:10.951061" elapsed="0.564167"/>
</kw>
<kw name="Log" owner="BuiltIn">
<msg time="2025-03-24T22:13:11.516470" level="INFO">[{'book_name': 'RobotFramework', 'isbn': 'rf129', 'aisle': '123432', 'author': 'rahulshetty'}]</msg>
<arg>${get_response.json()}</arg>
<doc>Logs the given message with the given level.</doc>
<status status="PASS" start="2025-03-24T22:13:11.515635" elapsed="0.002291"/>
</kw>
<kw name="Should Be Equal As Strings" owner="BuiltIn">
<arg>${book_name}</arg>
<arg>${get_response.json()}[0][book_name]</arg>
<doc>Fails if objects are unequal after converting them to strings.</doc>
<status status="PASS" start="2025-03-24T22:13:11.518331" elapsed="0.001582"/>
</kw>
<status status="PASS" start="2025-03-24T22:13:10.950375" elapsed="0.569821"/>
</test>
<test id="s1-t4" name="Delete the Book from database" line="37">
<kw name="Create Dictionary" owner="BuiltIn">
<msg time="2025-03-24T22:13:11.521286" level="INFO">&amp;{delete_req} = { ID=rf129123432 }</msg>
<var>&amp;{delete_req}</var>
<arg>ID=${book_id}</arg>
<doc>Creates and returns a dictionary based on the given ``items``.</doc>
<status status="PASS" start="2025-03-24T22:13:11.520909" elapsed="0.000410"/>
</kw>
<kw name="POST" owner="RequestsLibrary">
<msg time="2025-03-24T22:13:12.011840" level="INFO">POST Request : url=https://rahulshettyacademy.com/Library/DeleteBook.php 
 path_url=/Library/DeleteBook.php 
 headers={'User-Agent': 'python-requests/2.32.3', 'Accept-Encoding': 'gzip, deflate, br', 'Accept': '*/*', 'Connection': 'keep-alive', 'Content-Length': '21', 'Content-Type': 'application/json'} 
 body=b'{"ID": "rf129123432"}' 
 </msg>
<msg time="2025-03-24T22:13:12.012141" level="INFO">POST Response : url=https://rahulshettyacademy.com/Library/DeleteBook.php 
 status=200, reason=OK 
 headers={'Date': 'Mon, 24 Mar 2025 19:13:11 GMT', 'Server': 'Apache/2.4.52 (Ubuntu)', 'Access-Control-Allow-Origin': '*', 'Access-Control-Allow-Methods': 'POST', 'Access-Control-Max-Age': '3600', 'Access-Control-Allow-Headers': 'Content-Type, Access-Control-Allow-Headers, Authorization, X-Requested-With', 'Content-Length': '38', 'Keep-Alive': 'timeout=5, max=100', 'Connection': 'Keep-Alive', 'Content-Type': 'application/json;charset=UTF-8'} 
 body={"msg":"book is successfully deleted"} 
 </msg>
<msg time="2025-03-24T22:13:12.012465" level="INFO">${delete_resp} = &lt;Response [200]&gt;</msg>
<var>${delete_resp}</var>
<arg>${base_url}/Library/DeleteBook.php</arg>
<arg>json=${delete_req}</arg>
<arg>expected_status=200</arg>
<doc>Sends a POST request.</doc>
<status status="PASS" start="2025-03-24T22:13:11.521505" elapsed="0.491013"/>
</kw>
<kw name="Log" owner="BuiltIn">
<msg time="2025-03-24T22:13:12.014101" level="INFO">{'msg': 'book is successfully deleted'}</msg>
<arg>${delete_resp.json()}</arg>
<doc>Logs the given message with the given level.</doc>
<status status="PASS" start="2025-03-24T22:13:12.013005" elapsed="0.001186"/>
</kw>
<kw name="Should Be Equal As Strings" owner="BuiltIn">
<arg>book is successfully deleted</arg>
<arg>${delete_resp.json()}[msg]</arg>
<doc>Fails if objects are unequal after converting them to strings.</doc>
<status status="PASS" start="2025-03-24T22:13:12.014446" elapsed="0.000550"/>
</kw>
<status status="PASS" start="2025-03-24T22:13:11.520420" elapsed="0.494755"/>
</test>
<status status="PASS" start="2025-03-24T22:13:10.321317" elapsed="1.694411"/>
</suite>
<statistics>
<total>
<stat pass="4" fail="0" skip="0">All Tests</stat>
</total>
<tag>
</tag>
<suite>
<stat name="testDemo7" id="s1" pass="4" fail="0" skip="0">testDemo7</stat>
</suite>
</statistics>
<errors>
</errors>
</robot>
