<?xml version="1.0" encoding="UTF-8"?>
<robot generator="Robot 7.2.2 (Python 3.13.2 on darwin)" generated="2025-03-23T13:20:33.187629" rpa="false" schemaversion="5">
<suite id="s1" name="testDemo6" source="/Users/elanuralp/PycharmProjects/RobotFramework/tests/testDemo6.robot">
<test id="s1-t1" name="Select the Form and navigate to Child window" line="41">
<kw name="open the browser with the url" owner="Generic" type="SETUP">
<kw name="Open Browser" owner="SeleniumLibrary">
<msg time="2025-03-23T13:20:33.250757" level="INFO">Opening browser 'Chrome' to base url 'https://rahulshettyacademy.com/loginpagePractise/'.</msg>
<arg>${url}</arg>
<arg>${browser_name}</arg>
<arg>options= add_experimental_option("detach",True)</arg>
<doc>Opens a new browser instance to the optional ``url``.</doc>
<status status="PASS" start="2025-03-23T13:20:33.250627" elapsed="1.949527"/>
</kw>
<arg>Chrome</arg>
<status status="PASS" start="2025-03-23T13:20:33.250282" elapsed="1.950485"/>
</kw>
<kw name="Fill the Login Details and Login Form" owner="LandingPage">
<kw name="Sleep" owner="BuiltIn">
<msg time="2025-03-23T13:20:37.202970" level="INFO">Slept 2 seconds.</msg>
<arg>2</arg>
<doc>Pauses the test executed for the given time.</doc>
<status status="PASS" start="2025-03-23T13:20:35.202051" elapsed="2.001357"/>
</kw>
<kw name="Input Text" owner="SeleniumLibrary">
<msg time="2025-03-23T13:20:37.205258" level="INFO">Typing text 'rahulshettyacademy' into text field 'id:username'.</msg>
<arg>id:username</arg>
<arg>rahulshettyacademy</arg>
<doc>Types the given ``text`` into the text field identified by ``locator``.</doc>
<status status="PASS" start="2025-03-23T13:20:37.203851" elapsed="0.119378"/>
</kw>
<kw name="Input Password" owner="SeleniumLibrary">
<msg time="2025-03-23T13:20:37.323562" level="INFO">Typing password into text field 'id:password'.</msg>
<msg time="2025-03-23T13:20:37.334369" level="INFO">Temporally setting log level to: NONE</msg>
<arg>id:password</arg>
<arg>learning</arg>
<doc>Types the given password into the text field identified by ``locator``.</doc>
<status status="PASS" start="2025-03-23T13:20:37.323371" elapsed="0.026168"/>
</kw>
<kw name="Click Element" owner="SeleniumLibrary">
<msg time="2025-03-23T13:20:37.349856" level="INFO">Clicking element 'xpath://input[@value='user']'.</msg>
<arg>xpath://input[@value='user']</arg>
<doc>Click the element identified by ``locator``.</doc>
<status status="PASS" start="2025-03-23T13:20:37.349694" elapsed="0.026067"/>
</kw>
<kw name="Wait Until Element Is Visible" owner="SeleniumLibrary">
<arg>css:.modal-body</arg>
<doc>Waits until the element ``locator`` is visible.</doc>
<status status="PASS" start="2025-03-23T13:20:37.375915" elapsed="0.436060"/>
</kw>
<kw name="Click Button" owner="SeleniumLibrary">
<msg time="2025-03-23T13:20:37.812528" level="INFO">Clicking button 'id:okayBtn'.</msg>
<arg>id:okayBtn</arg>
<doc>Clicks the button identified by ``locator``.</doc>
<status status="PASS" start="2025-03-23T13:20:37.812220" elapsed="0.035231"/>
</kw>
<kw name="Click Button" owner="SeleniumLibrary">
<msg time="2025-03-23T13:20:37.847742" level="INFO">Clicking button 'id:okayBtn'.</msg>
<arg>id:okayBtn</arg>
<doc>Clicks the button identified by ``locator``.</doc>
<status status="PASS" start="2025-03-23T13:20:37.847588" elapsed="0.021668"/>
</kw>
<kw name="Click Button" owner="SeleniumLibrary">
<msg time="2025-03-23T13:20:37.869521" level="INFO">Clicking button 'id:okayBtn'.</msg>
<arg>id:okayBtn</arg>
<doc>Clicks the button identified by ``locator``.</doc>
<status status="PASS" start="2025-03-23T13:20:37.869378" elapsed="0.020920"/>
</kw>
<kw name="Click Button" owner="SeleniumLibrary">
<msg time="2025-03-23T13:20:37.890630" level="INFO">Clicking button 'id:okayBtn'.</msg>
<arg>id:okayBtn</arg>
<doc>Clicks the button identified by ``locator``.</doc>
<status status="PASS" start="2025-03-23T13:20:37.890448" elapsed="0.020736"/>
</kw>
<kw name="Wait Until Element Is Not Visible" owner="SeleniumLibrary">
<msg time="2025-03-23T13:20:53.459439" level="INFO" html="true">&lt;/td&gt;&lt;/tr&gt;&lt;tr&gt;&lt;td colspan="3"&gt;&lt;a href="selenium-screenshot-1.png"&gt;&lt;img src="selenium-screenshot-1.png" width="800px"&gt;&lt;/a&gt;</msg>
<msg time="2025-03-23T13:20:53.459562" level="FAIL">Element 'css:.modal-body' still visible after 15 seconds.</msg>
<arg>css:.modal-body</arg>
<arg>15s</arg>
<doc>Waits until the element ``locator`` is not visible.</doc>
<status status="FAIL" start="2025-03-23T13:20:37.911300" elapsed="15.550338">Element 'css:.modal-body' still visible after 15 seconds.</status>
</kw>
<kw name="Select From List By Value" owner="SeleniumLibrary">
<arg>css:select.form-control</arg>
<arg>teach</arg>
<doc>Selects options from selection list ``locator`` by ``values``.</doc>
<status status="NOT RUN" start="2025-03-23T13:20:53.461765" elapsed="0.000027"/>
</kw>
<kw name="Select Checkbox" owner="SeleniumLibrary">
<arg>terms</arg>
<doc>Selects the checkbox identified by ``locator``.</doc>
<status status="NOT RUN" start="2025-03-23T13:20:53.461836" elapsed="0.000015"/>
</kw>
<kw name="Checkbox Should Be Selected" owner="SeleniumLibrary">
<arg>terms</arg>
<doc>Verifies checkbox ``locator`` is selected/checked.</doc>
<status status="NOT RUN" start="2025-03-23T13:20:53.461889" elapsed="0.000012"/>
</kw>
<status status="FAIL" start="2025-03-23T13:20:35.201410" elapsed="18.260545">Element 'css:.modal-body' still visible after 15 seconds.</status>
</kw>
<kw name="Close Browser Session" owner="Generic" type="TEARDOWN">
<kw name="Close Browser" owner="SeleniumLibrary">
<doc>Closes the current browser.</doc>
<status status="PASS" start="2025-03-23T13:20:53.462179" elapsed="0.075244"/>
</kw>
<status status="PASS" start="2025-03-23T13:20:53.462070" elapsed="0.075457"/>
</kw>
<status status="FAIL" start="2025-03-23T13:20:33.249992" elapsed="20.287570">Element 'css:.modal-body' still visible after 15 seconds.</status>
</test>
<doc>To validate the Login form</doc>
<status status="FAIL" start="2025-03-23T13:20:33.193267" elapsed="20.344644"/>
</suite>
<statistics>
<total>
<stat pass="0" fail="1" skip="0">All Tests</stat>
</total>
<tag>
</tag>
<suite>
<stat name="testDemo6" id="s1" pass="0" fail="1" skip="0">testDemo6</stat>
</suite>
</statistics>
<errors>
</errors>
</robot>
